============================================================
  Generated by:           Genus(TM) Synthesis Solution 19.12-s121_1
  Generated on:           Feb 02 2023  10:16:05 am
  Module:                 adder_1a
  Operating conditions:   _nominal_ (balanced_tree)
  Wireload mode:          enclosed
  Area mode:              timing library
============================================================


Path 1: VIOLATED (-201 ps) Path Delay Check
     Startpoint: (F) b[2]
       Endpoint: (R) sum[3]

                   Capture    Launch  
      Path Delay:+       0         -  
      Drv Adjust:+       0         0  
         Arrival:=       0            
                                      
   Required Time:=       0            
       Data Path:-     201            
           Slack:=    -201            

Exceptions/Constraints:
  max_delay              0              del_1 

#---------------------------------------------------
# Delay Arrival    Cell      Flags   Timing Point   
#  (ps)   (ps)                                      
#---------------------------------------------------
      0       0  (arrival)   -       b[2]           
      7       7  INVX32_RVT  -       g52/Y          
     42      50  DEC24X1_RVT -       g54/Y3         
     69     119  OA21X1_RVT  -       g49_0/Y        
     49     168  NAND3X0_RVT -       g47/Y          
     33     201  NAND3X0_RVT -       g46/Y          
      0     201  (port)      -       sum[3]         
#---------------------------------------------------



Path 2: VIOLATED (-200 ps) Path Delay Check
     Startpoint: (R) a[0]
       Endpoint: (F) sum[2]

                   Capture    Launch  
      Path Delay:+       0         -  
      Drv Adjust:+       0         0  
         Arrival:=       0            
                                      
   Required Time:=       0            
       Data Path:-     200            
           Slack:=    -200            

Exceptions/Constraints:
  max_delay              0              del_1 

#--------------------------------------------------
# Delay Arrival    Cell     Flags   Timing Point   
#  (ps)   (ps)                                     
#--------------------------------------------------
      0       0  (arrival)  -       a[0]           
     72      72  AO22X1_RVT -       g1190/Y        
     72     143  OA21X1_RVT -       g5152/Y        
     57     200  XOR3X1_RVT -       g5151/Y        
      0     200  (port)     -       sum[2]         
#--------------------------------------------------



Path 3: VIOLATED (-199 ps) Path Delay Check
     Startpoint: (F) b[2]
       Endpoint: (F) cout

                   Capture    Launch  
      Path Delay:+       0         -  
      Drv Adjust:+       0         0  
         Arrival:=       0            
                                      
   Required Time:=       0            
       Data Path:-     199            
           Slack:=    -199            

Exceptions/Constraints:
  max_delay              0              del_1 

#---------------------------------------------------
# Delay Arrival    Cell      Flags   Timing Point   
#  (ps)   (ps)                                      
#---------------------------------------------------
      0       0  (arrival)   -       b[2]           
      7       7  INVX32_RVT  -       g52/Y          
     42      50  DEC24X1_RVT -       g54/Y3         
     69     119  OA21X1_RVT  -       g49_0/Y        
     52     170  OR2X1_RVT   -       g5148/Y        
     28     199  NAND3X0_RVT -       g5147/Y        
      0     199  (port)      -       cout           
#---------------------------------------------------



Path 4: VIOLATED (-179 ps) Path Delay Check
     Startpoint: (R) b[0]
       Endpoint: (F) sum[1]

                   Capture    Launch  
      Path Delay:+       0         -  
      Drv Adjust:+       0         0  
         Arrival:=       0            
                                      
   Required Time:=       0            
       Data Path:-     179            
           Slack:=    -179            

Exceptions/Constraints:
  max_delay              0              del_1 

#----------------------------------------------------
# Delay Arrival    Cell      Flags    Timing Point   
#  (ps)   (ps)                                       
#----------------------------------------------------
      0       0  (arrival)   -       b[0]            
     12      12  INVX2_RVT   -       g11/Y           
     27      38  NAND2X0_RVT -       g9/Y            
     75     114  AO21X1_RVT  -       g5113_0__5129/Y 
     66     179  XOR3X2_RVT  -       g5111__8428/Y   
      0     179  (port)      -       sum[1]          
#----------------------------------------------------



Path 5: VIOLATED (-126 ps) Path Delay Check
     Startpoint: (R) a[0]
       Endpoint: (F) sum[0]

                   Capture    Launch  
      Path Delay:+       0         -  
      Drv Adjust:+       0         0  
         Arrival:=       0            
                                      
   Required Time:=       0            
       Data Path:-     126            
           Slack:=    -126            

Exceptions/Constraints:
  max_delay              0              del_1 

#--------------------------------------------------
# Delay Arrival    Cell     Flags   Timing Point   
#  (ps)   (ps)                                     
#--------------------------------------------------
      0       0  (arrival)  -       a[0]           
    126     126  FADDX1_RVT -       g5114__5145/S  
      0     126  (port)     -       sum[0]         
#--------------------------------------------------

