============================================================
  Generated by:           Genus(TM) Synthesis Solution 19.12-s121_1
  Generated on:           Feb 01 2023  01:06:41 pm
  Module:                 adder_1c
  Technology library:     saed32rvt_ss0p95v125c 1.0000000
  Operating conditions:   _nominal_ (balanced_tree)
  Wireload mode:          enclosed
  Area mode:              timing library
============================================================

Timing
-------
  Cost    Critical            Violating 
 Group   Path Slack    TNS      Paths   
----------------------------------------
default      -199.0   -899.2          5 
----------------------------------------
Total                 -899.2          5 

Instance Count
--------------
Leaf Instance Count             41 
Physical Instance count          0 
Sequential Instance Count        0 
Combinational Instance Count    41 
Hierarchical Instance Count      0 

Area
----
Cell Area                          106.740
Physical Cell Area                 0.000
Total Cell Area (Cell+Physical)    106.740
Net Area                           0.000
Total Area (Cell+Physical+Net)     106.740

Max Fanout                         8 (B[0])
Min Fanout                         1 (SUM[0])
Average Fanout                     2.1
Terms to net ratio                 2.8800
Terms to instance ratio            3.5122
Runtime                            29.86445 seconds
Elapsed Runtime                    51 seconds
Genus peak memory usage            1020.64 
Innovus peak memory usage          no_value 
Hostname                           mo.ece.pdx.edu
