============================================================
  Generated by:           Genus(TM) Synthesis Solution 19.12-s121_1
  Generated on:           Feb 01 2023  11:39:23 am
  Module:                 adder_1b
  Operating conditions:   _nominal_ (balanced_tree)
  Wireload mode:          enclosed
  Area mode:              timing library
============================================================

-------------------------------------------------------------------------------
Inputs without clocked external delays

The following primary inputs have no clocked external delays.  As a result the  
timing paths leading from the ports have no timing constraints derived from     
clock waveforms.  The'external_delay' command is used to create new external    
delays.                                                                         

port:adder_1b/a[0]
port:adder_1b/a[1]
port:adder_1b/a[2]
port:adder_1b/a[3]
port:adder_1b/b[0]
port:adder_1b/b[1]
port:adder_1b/b[2]
port:adder_1b/b[3]
port:adder_1b/cin
-------------------------------------------------------------------------------

-------------------------------------------------------------------------------
Outputs without clocked external delays

The following primary outputs have no clocked external delays.  As a result the 
timing paths leading to the ports have no timing constraints derived from clock 
waveforms.  The'external_delay' command is used to create new external delays.  

port:adder_1b/cout
port:adder_1b/sum[0]
port:adder_1b/sum[1]
port:adder_1b/sum[2]
port:adder_1b/sum[3]
-------------------------------------------------------------------------------

-------------------------------------------------------------------------------
Inputs without external driver/transition

The following primary inputs have no external driver or input transition set.   
As a result the transition on the ports will be assumed as zero. The            
'external_driver' attribute is used to add and external driver or the           
'fixed_slew' attribute to add an external transition.                           

port:adder_1b/a[0]
port:adder_1b/a[1]
port:adder_1b/a[2]
port:adder_1b/a[3]
port:adder_1b/b[0]
port:adder_1b/b[1]
port:adder_1b/b[2]
port:adder_1b/b[3]
port:adder_1b/cin
-------------------------------------------------------------------------------

-------------------------------------------------------------------------------
Outputs without external load

The following primary outputs have no external load set. As a result the load   
on the ports will be assumed as zero. The 'external_pin_cap' attribute is used  
to add and external pin cap.                                                    

port:adder_1b/cout
port:adder_1b/sum[0]
port:adder_1b/sum[1]
port:adder_1b/sum[2]
port:adder_1b/sum[3]
-------------------------------------------------------------------------------


Lint summary
 Generated clocks without clock waveform                          0
 Generated clocks with incompatible options                       0
 Generated clocks with multi-master clock                         0
 Paths constrained with different clocks                          0
 Loop-breaking cells for combinational feedback                   0
 Nets with multiple drivers                                       0
 Timing exceptions with no effect                                 0
 Suspicious multi_cycle exceptions                                0
 Pins/ports with conflicting case constants                       0
 Inputs without clocked external delays                           9
 Outputs without clocked external delays                          5
 Inputs without external driver/transition                        9
 Outputs without external load                                    5
 Exceptions with invalid timing start-/endpoints                  0

                                                  Total:         28

