============================================================
  Generated by:           Genus(TM) Synthesis Solution 19.12-s121_1
  Generated on:           Feb 01 2023  11:39:23 am
  Module:                 adder_1b
  Technology library:     saed32rvt_ss0p95v125c 1.0000000
  Operating conditions:   _nominal_ (balanced_tree)
  Wireload mode:          enclosed
  Area mode:              timing library
============================================================

Timing
-------
  Cost    Critical            Violating 
 Group   Path Slack    TNS      Paths   
----------------------------------------
default      -198.7   -783.4          5 
----------------------------------------
Total                 -783.4          5 

Instance Count
--------------
Leaf Instance Count             45 
Physical Instance count          0 
Sequential Instance Count        0 
Combinational Instance Count    45 
Hierarchical Instance Count      0 

Area
----
Cell Area                          92.763
Physical Cell Area                 0.000
Total Cell Area (Cell+Physical)    92.763
Net Area                           0.000
Total Area (Cell+Physical+Net)     92.763

Max Fanout                         9 (cin)
Min Fanout                         1 (sum[1])
Average Fanout                     2.1
Terms to net ratio                 2.8704
Terms to instance ratio            3.4444
Runtime                            25.913577 seconds
Elapsed Runtime                    50 seconds
Genus peak memory usage            1020.64 
Innovus peak memory usage          no_value 
Hostname                           mo.ece.pdx.edu
